<?xml version="1.0" encoding="UTF-8"?>
<!-- Generated by org.testng.reporters.JUnitXMLReporter -->
<testsuite hostname="AMX-RL-19-255-W" ignored="0" name="Default test" tests="7" failures="0" timestamp="2021-02-09T06:52:25 IST" time="0.342" errors="0">
  <testcase name="negative" time="0.031" classname="TestNGPkg.TestNgPriority"/>
  <testcase name="emptyvalueone" time="0.005" classname="TestNGPkg.TestNgPriority"/>
  <testcase name="emptyvaluetwo" time="0.005" classname="TestNGPkg.TestNgPriority"/>
  <testcase name="testingthree" time="0.007" classname="TestNGPkg.TestNgPriority"/>
  <testcase name="zero" time="0.006" classname="TestNGPkg.TestNgPriority"/>
  <testcase name="testing" time="0.01" classname="TestNGPkg.TestNgPriority"/>
  <testcase name="testingtwo" time="0.005" classname="TestNGPkg.TestNgPriority"/>
</testsuite> <!-- Default test -->
