<?xml version="1.0" encoding="UTF-8"?>
<!-- Generated by org.testng.reporters.JUnitXMLReporter -->
<testsuite hostname="AMX-RL-19-255-W" ignored="3" name="Default test" tests="1" failures="0" timestamp="2020-12-11T08:27:49 IST" time="10.731" errors="0">
  <testcase name="pff" time="9.763" classname="com.qa.LeafGround.IncognitoBrowser"/>
  <testcase name="chrome" time="0.0" classname="com.qa.LeafGround.IncognitoBrowser">
    <ignored/>
  </testcase> <!-- chrome -->
  <testcase name="ff" time="0.0" classname="com.qa.LeafGround.IncognitoBrowser">
    <ignored/>
  </testcase> <!-- ff -->
  <testcase name="edge" time="0.0" classname="com.qa.LeafGround.IncognitoBrowser">
    <ignored/>
  </testcase> <!-- edge -->
</testsuite> <!-- Default test -->
