<?xml version="1.0" encoding="UTF-8"?>
<!-- Generated by org.testng.reporters.JUnitXMLReporter -->
<testsuite hostname="AMX-RL-19-255-W" ignored="0" name="Test" tests="6" failures="0" timestamp="2020-12-05T07:42:38 IST" time="0.109" errors="0">
  <testcase name="openBrowser" time="0.013" classname="TestNGPkg.TestNgDependency"/>
  <testcase name="login" time="0.002" classname="TestNGPkg.TestNgDependency"/>
  <testcase name="update" time="0.002" classname="TestNGPkg.TestNgDependency"/>
  <testcase name="update1" time="0.003" classname="TestNGPkg.TestNgDependency"/>
  <testcase name="update2" time="0.006" classname="TestNGPkg.TestNgDependency">
    <skipped/>
  </testcase> <!-- update2 -->
  <testcase name="logout" time="0.004" classname="TestNGPkg.TestNgDependency"/>
</testsuite> <!-- Test -->
