<?xml version="1.0" encoding="UTF-8"?>
<!-- Generated by org.testng.reporters.JUnitXMLReporter -->
<testsuite hostname="AMX-RL-19-255-W" ignored="0" name="Test" tests="6" failures="1" timestamp="2020-12-04T20:44:46 IST" time="0.136" errors="0">
  <testcase name="openBrowser" time="0.014" classname="TestNGPkg.TestNgDependency"/>
  <testcase name="login" time="0.013" classname="TestNGPkg.TestNgDependency"/>
  <testcase name="update" time="0.006" classname="TestNGPkg.TestNgDependency">
    <failure type="java.lang.AssertionError" message="expected [true] but found [false]">
      <![CDATA[java.lang.AssertionError: expected [true] but found [false]
at TestNGPkg.TestNgDependency.update(TestNgDependency.java:30)
at java.util.ArrayList.forEach(ArrayList.java:1257)
... Removed 31 stack frames]]>
    </failure>
  </testcase> <!-- update -->
  <testcase name="update1" time="0.003" classname="TestNGPkg.TestNgDependency"/>
  <testcase name="update2" time="0.003" classname="TestNGPkg.TestNgDependency">
    <skipped/>
  </testcase> <!-- update2 -->
  <testcase name="logout" time="0.001" classname="TestNGPkg.TestNgDependency"/>
</testsuite> <!-- Test -->
