<?xml version="1.0" encoding="UTF-8"?>
<!-- Generated by org.testng.reporters.JUnitXMLReporter -->
<testsuite hostname="AMX-RL-19-255-W" ignored="0" name="AllFailedTest" tests="6" failures="1" timestamp="2020-12-05T09:03:53 IST" time="0.121" errors="0">
  <testcase name="openBrowser" time="0.013" classname="TestNGPkg.TestNgDependency"/>
  <testcase name="login" time="0.003" classname="TestNGPkg.TestNgDependency">
    <failure type="java.lang.AssertionError" message="expected [true] but found [false]">
      <![CDATA[java.lang.AssertionError: expected [true] but found [false]
at TestNGPkg.TestNgDependency.login(TestNgDependency.java:31)
at java.util.ArrayList.forEach(Unknown Source)
... Removed 31 stack frames]]>
    </failure>
  </testcase> <!-- login -->
  <testcase name="update" time="0.0" classname="TestNGPkg.TestNgDependency">
    <skipped/>
  </testcase> <!-- update -->
  <testcase name="update1" time="0.002" classname="TestNGPkg.TestNgDependency"/>
  <testcase name="update2" time="0.006" classname="TestNGPkg.TestNgDependency"/>
  <testcase name="logout" time="0.01" classname="TestNGPkg.TestNgDependency"/>
</testsuite> <!-- AllFailedTest -->
