<?xml version="1.0" encoding="UTF-8"?>
<!-- Generated by org.testng.reporters.JUnitXMLReporter -->
<testsuite hostname="AMX-RL-19-255-W" ignored="1" name="Test(failed)" tests="5" failures="1" timestamp="2020-12-05T09:03:53 IST" time="0.005" errors="0">
  <testcase name="openBrowser" time="0.0" classname="TestNGPkg.TestNgDependency"/>
  <testcase name="login" time="0.0" classname="TestNGPkg.TestNgDependency">
    <failure type="java.lang.AssertionError" message="expected [true] but found [false]">
      <![CDATA[java.lang.AssertionError: expected [true] but found [false]
at TestNGPkg.TestNgDependency.login(TestNgDependency.java:31)
at java.util.ArrayList.forEach(Unknown Source)
at TestNGPkg.FailedTestRun.afterTestCaseFailed(FailedTestRun.java:17)
... Removed 47 stack frames]]>
    </failure>
  </testcase> <!-- login -->
  <testcase name="update" time="0.0" classname="TestNGPkg.TestNgDependency">
    <skipped/>
  </testcase> <!-- update -->
  <testcase name="update1" time="0.0" classname="TestNGPkg.TestNgDependency"/>
  <testcase name="update2" time="0.0" classname="TestNGPkg.TestNgDependency"/>
  <testcase name="logout" time="0.0" classname="TestNGPkg.TestNgDependency">
    <ignored/>
  </testcase> <!-- logout -->
</testsuite> <!-- Test(failed) -->
