<?xml version="1.0" encoding="UTF-8"?>
<testng-results skipped="0" failed="0" ignored="4" total="5" passed="1">
  <reporter-output>
  </reporter-output>
  <suite name="Default suite" duration-ms="2727" started-at="2021-01-20T06:17:14 IST" finished-at="2021-01-20T06:17:16 IST">
    <groups>
    </groups>
    <test name="Default test" duration-ms="2727" started-at="2021-01-20T06:17:14 IST" finished-at="2021-01-20T06:17:16 IST">
      <class name="javaProgram.FibonacciSeries">
        <test-method status="PASS" signature="givenNumber()[pri:0, instance:javaProgram.FibonacciSeries@eafc191]" name="givenNumber" duration-ms="2663" started-at="2021-01-20T06:17:14 IST" finished-at="2021-01-20T06:17:16 IST">
          <reporter-output>
          </reporter-output>
        </test-method> <!-- givenNumber -->
      </class> <!-- javaProgram.FibonacciSeries -->
    </test> <!-- Default test -->
  </suite> <!-- Default suite -->
</testng-results>
