<?xml version="1.0" encoding="UTF-8"?>
<testng-results skipped="0" failed="0" ignored="3" total="4" passed="1">
  <reporter-output>
  </reporter-output>
  <suite name="Default suite" duration-ms="10731" started-at="2020-12-11T08:27:38 IST" finished-at="2020-12-11T08:27:49 IST">
    <groups>
    </groups>
    <test name="Default test" duration-ms="10731" started-at="2020-12-11T08:27:38 IST" finished-at="2020-12-11T08:27:49 IST">
      <class name="com.qa.LeafGround.IncognitoBrowser">
        <test-method status="PASS" signature="start()[pri:0, instance:com.qa.LeafGround.IncognitoBrowser@43a0cee9]" name="start" is-config="true" duration-ms="928" started-at="2020-12-11T08:27:38 IST" finished-at="2020-12-11T08:27:39 IST">
          <reporter-output>
          </reporter-output>
        </test-method> <!-- start -->
        <test-method status="PASS" signature="pff()[pri:0, instance:com.qa.LeafGround.IncognitoBrowser@43a0cee9]" name="pff" duration-ms="9763" started-at="2020-12-11T08:27:39 IST" finished-at="2020-12-11T08:27:49 IST">
          <reporter-output>
          </reporter-output>
        </test-method> <!-- pff -->
        <test-method status="PASS" signature="teardown()[pri:0, instance:com.qa.LeafGround.IncognitoBrowser@43a0cee9]" name="teardown" is-config="true" duration-ms="1" started-at="2020-12-11T08:27:49 IST" finished-at="2020-12-11T08:27:49 IST">
          <reporter-output>
          </reporter-output>
        </test-method> <!-- teardown -->
      </class> <!-- com.qa.LeafGround.IncognitoBrowser -->
    </test> <!-- Default test -->
  </suite> <!-- Default suite -->
</testng-results>
